<?xml version="1.0" encoding="UTF-8"?>
<testng-results ignored="0" total="1" passed="1" failed="0" skipped="0">
  <reporter-output>
  </reporter-output>
  <suite started-at="2020-05-01T03:00:40Z" name="Default suite" finished-at="2020-05-01T03:01:38Z" duration-ms="57925">
    <groups>
    </groups>
    <test started-at="2020-05-01T03:00:40Z" name="Default test" finished-at="2020-05-01T03:01:38Z" duration-ms="57925">
      <class name="com.abc.TestNG.Script1">
        <test-method is-config="true" signature="beforeMethod()[pri:0, instance:com.abc.TestNG.Script1@58d75e99]" started-at="2020-05-01T03:00:40Z" name="beforeMethod" finished-at="2020-05-01T03:01:13Z" duration-ms="33178" status="PASS">
          <reporter-output>
          </reporter-output>
        </test-method> <!-- beforeMethod -->
        <test-method signature="Test()[pri:0, instance:com.abc.TestNG.Script1@58d75e99]" started-at="2020-05-01T03:01:13Z" name="Test" finished-at="2020-05-01T03:01:36Z" duration-ms="23055" status="PASS">
          <reporter-output>
          </reporter-output>
        </test-method> <!-- Test -->
        <test-method is-config="true" signature="afterMethod()[pri:0, instance:com.abc.TestNG.Script1@58d75e99]" started-at="2020-05-01T03:01:36Z" name="afterMethod" finished-at="2020-05-01T03:01:38Z" duration-ms="1663" status="PASS">
          <reporter-output>
          </reporter-output>
        </test-method> <!-- afterMethod -->
      </class> <!-- com.abc.TestNG.Script1 -->
    </test> <!-- Default test -->
  </suite> <!-- Default suite -->
</testng-results>
